Flow report for DE1_SoC
Sat Apr 18 23:37:18 2015
Quartus II 64-Bit Version 14.0.0 Build 200 06/17/2014 SJ Full Version


---------------------
; Table of Contents ;
---------------------
  1. Legal Notice
  2. Flow Summary
  3. Flow Settings
  4. Flow Non-Default Global Settings
  5. Flow Elapsed Time
  6. Flow OS Summary
  7. Flow Log
  8. Flow Messages
  9. Flow Suppressed Messages



----------------
; Legal Notice ;
----------------
Copyright (C) 1991-2014 Altera Corporation. All rights reserved.
Your use of Altera Corporation's design tools, logic functions 
and other software and tools, and its AMPP partner logic 
functions, and any output files from any of the foregoing 
(including device programming or simulation files), and any 
associated documentation or information are expressly subject 
to the terms and conditions of the Altera Program License 
Subscription Agreement, the Altera Quartus II License Agreement,
the Altera MegaCore Function License Agreement, or other 
applicable license agreement, including, without limitation, 
that your use is for the sole purpose of programming logic 
devices manufactured by Altera and sold by Altera or its 
authorized distributors.  Please refer to the applicable 
agreement for further details.



+---------------------------------------------------------------------------+
; Flow Summary                                                              ;
+-----------------------------+---------------------------------------------+
; Flow Status                 ; Successful - Sat Apr 18 23:37:18 2015       ;
; Quartus II 64-Bit Version   ; 14.0.0 Build 200 06/17/2014 SJ Full Version ;
; Revision Name               ; DE1_SoC                                     ;
; Top-level Entity Name       ; DE1_SoC                                     ;
; Family                      ; Cyclone V                                   ;
; Device                      ; 5CSEMA5F31C6                                ;
; Timing Models               ; Final                                       ;
; Logic utilization (in ALMs) ; N/A until Partition Merge                   ;
; Total registers             ; N/A until Partition Merge                   ;
; Total pins                  ; N/A until Partition Merge                   ;
; Total virtual pins          ; N/A until Partition Merge                   ;
; Total block memory bits     ; N/A until Partition Merge                   ;
; Total PLLs                  ; N/A until Partition Merge                   ;
; Total DLLs                  ; N/A until Partition Merge                   ;
+-----------------------------+---------------------------------------------+


+-----------------------------------------+
; Flow Settings                           ;
+-------------------+---------------------+
; Option            ; Setting             ;
+-------------------+---------------------+
; Start date & time ; 04/07/2015 15:44:33 ;
; Main task         ; Compilation         ;
; Revision Name     ; DE1_SoC             ;
+-------------------+---------------------+


+----------------------------------------------------------------------------------------------------------------------------+
; Flow Non-Default Global Settings                                                                                           ;
+-------------------------------------+---------------------------------------+---------------+-------------+----------------+
; Assignment Name                     ; Value                                 ; Default Value ; Entity Name ; Section Id     ;
+-------------------------------------+---------------------------------------+---------------+-------------+----------------+
; COMPILER_SIGNATURE_ID               ; 91771324065.142844667300236           ; --            ; --          ; --             ;
; EDA_OUTPUT_DATA_FORMAT              ; Systemverilog Hdl                     ; --            ; --          ; eda_simulation ;
; EDA_SIMULATION_TOOL                 ; ModelSim-Altera (SystemVerilog)       ; <None>        ; --          ; --             ;
; ENABLE_SIGNALTAP                    ; On                                    ; --            ; --          ; --             ;
; MAX_CORE_JUNCTION_TEMP              ; 85                                    ; --            ; --          ; --             ;
; MIN_CORE_JUNCTION_TEMP              ; 0                                     ; --            ; --          ; --             ;
; PARTITION_COLOR                     ; 16764057                              ; --            ; --          ; Top            ;
; PARTITION_FITTER_PRESERVATION_LEVEL ; PLACEMENT_AND_ROUTING                 ; --            ; --          ; Top            ;
; PARTITION_NETLIST_TYPE              ; SOURCE                                ; --            ; --          ; Top            ;
; POWER_BOARD_THERMAL_MODEL           ; None (CONSERVATIVE)                   ; --            ; --          ; --             ;
; POWER_PRESET_COOLING_SOLUTION       ; 23 MM HEAT SINK WITH 200 LFPM AIRFLOW ; --            ; --          ; --             ;
; PROJECT_OUTPUT_DIRECTORY            ; output_files                          ; --            ; --          ; --             ;
; SLD_FILE                            ; db/JohnsonCounter_auto_stripped.stp   ; --            ; --          ; --             ;
; STATE_MACHINE_PROCESSING            ; User-Encoded                          ; Auto          ; --          ; --             ;
; USE_SIGNALTAP_FILE                  ; sourceCode/JohnsonCounter.stp         ; --            ; --          ; --             ;
+-------------------------------------+---------------------------------------+---------------+-------------+----------------+


+-------------------------------------------------------------------------------------------------------------------------------+
; Flow Elapsed Time                                                                                                             ;
+---------------------------+--------------+-------------------------+---------------------+------------------------------------+
; Module Name               ; Elapsed Time ; Average Processors Used ; Peak Virtual Memory ; Total CPU Time (on all processors) ;
+---------------------------+--------------+-------------------------+---------------------+------------------------------------+
; Analysis & Synthesis      ; 00:00:12     ; 1.0                     ; 642 MB              ; 00:00:03                           ;
; Fitter                    ; 00:00:29     ; 1.8                     ; 2072 MB             ; 00:00:37                           ;
; Assembler                 ; 00:00:12     ; 1.0                     ; 665 MB              ; 00:00:09                           ;
; TimeQuest Timing Analyzer ; 00:00:19     ; 1.0                     ; 897 MB              ; 00:00:07                           ;
; EDA Netlist Writer        ; 00:00:03     ; 1.0                     ; 551 MB              ; 00:00:01                           ;
; Analysis & Synthesis      ; 00:00:49     ; 1.0                     ; 680 MB              ; 00:00:14                           ;
; Partition Merge           ; 00:00:11     ; 1.0                     ; 745 MB              ; 00:00:04                           ;
; Fitter                    ; 00:00:37     ; 1.8                     ; 2196 MB             ; 00:00:47                           ;
; Assembler                 ; 00:00:14     ; 1.0                     ; 669 MB              ; 00:00:10                           ;
; TimeQuest Timing Analyzer ; 00:00:30     ; 1.0                     ; 1029 MB             ; 00:00:18                           ;
; EDA Netlist Writer        ; 00:00:07     ; 1.0                     ; 564 MB              ; 00:00:03                           ;
; Analysis & Synthesis      ; 00:00:44     ; 1.0                     ; 705 MB              ; 00:00:14                           ;
; Partition Merge           ; 00:00:15     ; 1.0                     ; 743 MB              ; 00:00:06                           ;
; Fitter                    ; 00:00:31     ; 1.7                     ; 2210 MB             ; 00:00:40                           ;
; Assembler                 ; 00:00:15     ; 1.0                     ; 675 MB              ; 00:00:10                           ;
; TimeQuest Timing Analyzer ; 00:00:28     ; 1.3                     ; 1012 MB             ; 00:00:18                           ;
; EDA Netlist Writer        ; 00:00:08     ; 1.0                     ; 563 MB              ; 00:00:03                           ;
; Analysis & Synthesis      ; 00:00:27     ; 1.0                     ; 680 MB              ; 00:00:10                           ;
; Partition Merge           ; 00:00:07     ; 1.0                     ; 743 MB              ; 00:00:04                           ;
; Fitter                    ; 00:00:36     ; 1.5                     ; 2236 MB             ; 00:00:47                           ;
; Assembler                 ; 00:00:13     ; 1.0                     ; 674 MB              ; 00:00:10                           ;
; TimeQuest Timing Analyzer ; 00:00:25     ; 1.0                     ; 985 MB              ; 00:00:13                           ;
; EDA Netlist Writer        ; 00:00:06     ; 1.0                     ; 564 MB              ; 00:00:03                           ;
; Analysis & Synthesis      ; 00:00:58     ; 1.0                     ; 693 MB              ; 00:00:16                           ;
; Partition Merge           ; 00:00:17     ; 1.0                     ; 746 MB              ; 00:00:07                           ;
; Fitter                    ; 00:00:32     ; 1.6                     ; 2205 MB             ; 00:00:39                           ;
; Assembler                 ; 00:00:17     ; 1.0                     ; 673 MB              ; 00:00:10                           ;
; TimeQuest Timing Analyzer ; 00:00:28     ; 1.1                     ; 1011 MB             ; 00:00:17                           ;
; EDA Netlist Writer        ; 00:00:07     ; 1.0                     ; 560 MB              ; 00:00:03                           ;
; Analysis & Synthesis      ; 00:00:52     ; 1.0                     ; 705 MB              ; 00:00:16                           ;
; Partition Merge           ; 00:00:15     ; 1.0                     ; 747 MB              ; 00:00:06                           ;
; Fitter                    ; 00:00:29     ; 1.6                     ; 2194 MB             ; 00:00:37                           ;
; Assembler                 ; 00:00:14     ; 1.0                     ; 673 MB              ; 00:00:10                           ;
; TimeQuest Timing Analyzer ; 00:00:29     ; 1.3                     ; 1010 MB             ; 00:00:17                           ;
; EDA Netlist Writer        ; 00:00:09     ; 1.0                     ; 560 MB              ; 00:00:03                           ;
; Analysis & Synthesis      ; 00:00:35     ; 1.0                     ; 693 MB              ; 00:00:11                           ;
; Partition Merge           ; 00:00:11     ; 1.0                     ; 743 MB              ; 00:00:03                           ;
; Fitter                    ; 00:00:37     ; 1.7                     ; 2230 MB             ; 00:00:48                           ;
; Assembler                 ; 00:00:19     ; 1.0                     ; 669 MB              ; 00:00:10                           ;
; TimeQuest Timing Analyzer ; 00:00:30     ; 1.0                     ; 993 MB              ; 00:00:14                           ;
; EDA Netlist Writer        ; 00:00:07     ; 1.0                     ; 563 MB              ; 00:00:03                           ;
; Analysis & Synthesis      ; 00:00:19     ; 1.0                     ; 584 MB              ; 00:00:05                           ;
; Partition Merge           ; 00:00:08     ; 1.0                     ; 740 MB              ; 00:00:04                           ;
; Fitter                    ; 00:00:25     ; 1.9                     ; 1976 MB             ; 00:00:32                           ;
; Assembler                 ; 00:00:14     ; 1.0                     ; 665 MB              ; 00:00:10                           ;
; TimeQuest Timing Analyzer ; 00:00:22     ; 1.0                     ; 951 MB              ; 00:00:10                           ;
; EDA Netlist Writer        ; 00:00:05     ; 1.0                     ; 543 MB              ; 00:00:02                           ;
; Analysis & Synthesis      ; 00:00:50     ; 1.0                     ; 699 MB              ; 00:00:16                           ;
; Partition Merge           ; 00:00:15     ; 1.0                     ; 749 MB              ; 00:00:06                           ;
; Fitter                    ; 00:00:31     ; 2.0                     ; 2206 MB             ; 00:00:40                           ;
; Assembler                 ; 00:00:14     ; 1.0                     ; 674 MB              ; 00:00:10                           ;
; TimeQuest Timing Analyzer ; 00:00:29     ; 1.1                     ; 968 MB              ; 00:00:16                           ;
; EDA Netlist Writer        ; 00:00:07     ; 1.0                     ; 565 MB              ; 00:00:03                           ;
; Analysis & Synthesis      ; 00:00:44     ; 1.0                     ; 708 MB              ; 00:00:12                           ;
; Partition Merge           ; 00:00:09     ; 1.0                     ; 743 MB              ; 00:00:03                           ;
; Fitter                    ; 00:00:38     ; 1.7                     ; 2232 MB             ; 00:00:47                           ;
; Assembler                 ; 00:00:14     ; 1.0                     ; 660 MB              ; 00:00:10                           ;
; TimeQuest Timing Analyzer ; 00:00:26     ; 1.0                     ; 978 MB              ; 00:00:12                           ;
; EDA Netlist Writer        ; 00:00:07     ; 1.0                     ; 574 MB              ; 00:00:02                           ;
; Analysis & Synthesis      ; 00:00:49     ; 1.0                     ; 697 MB              ; 00:00:15                           ;
; Partition Merge           ; 00:00:16     ; 1.0                     ; 745 MB              ; 00:00:06                           ;
; Fitter                    ; 00:00:31     ; 1.7                     ; 2194 MB             ; 00:00:39                           ;
; Assembler                 ; 00:00:13     ; 1.0                     ; 662 MB              ; 00:00:10                           ;
; TimeQuest Timing Analyzer ; 00:00:27     ; 1.1                     ; 996 MB              ; 00:00:16                           ;
; EDA Netlist Writer        ; 00:00:07     ; 1.0                     ; 559 MB              ; 00:00:03                           ;
; Analysis & Synthesis      ; 00:00:49     ; 1.0                     ; 705 MB              ; 00:00:15                           ;
; Partition Merge           ; 00:00:16     ; 1.0                     ; 745 MB              ; 00:00:06                           ;
; Fitter                    ; 00:00:31     ; 1.8                     ; 2207 MB             ; 00:00:39                           ;
; Assembler                 ; 00:00:15     ; 1.0                     ; 661 MB              ; 00:00:10                           ;
; TimeQuest Timing Analyzer ; 00:00:28     ; 1.0                     ; 984 MB              ; 00:00:16                           ;
; EDA Netlist Writer        ; 00:00:07     ; 1.0                     ; 563 MB              ; 00:00:03                           ;
; Partition Merge           ; 00:00:15     ; 1.0                     ; 744 MB              ; 00:00:06                           ;
; Fitter                    ; 00:00:30     ; 1.8                     ; 2194 MB             ; 00:00:36                           ;
; Assembler                 ; 00:00:14     ; 1.0                     ; 659 MB              ; 00:00:10                           ;
; TimeQuest Timing Analyzer ; 00:00:29     ; 1.0                     ; 988 MB              ; 00:00:15                           ;
; EDA Netlist Writer        ; 00:00:07     ; 1.0                     ; 562 MB              ; 00:00:02                           ;
; Analysis & Synthesis      ; 00:00:52     ; 1.0                     ; 712 MB              ; 00:00:15                           ;
; Partition Merge           ; 00:00:15     ; 1.0                     ; 746 MB              ; 00:00:05                           ;
; Fitter                    ; 00:00:32     ; 1.7                     ; 2198 MB             ; 00:00:38                           ;
; Assembler                 ; 00:00:15     ; 1.0                     ; 664 MB              ; 00:00:10                           ;
; TimeQuest Timing Analyzer ; 00:00:29     ; 1.0                     ; 991 MB              ; 00:00:16                           ;
; EDA Netlist Writer        ; 00:00:07     ; 1.0                     ; 558 MB              ; 00:00:03                           ;
; Analysis & Synthesis      ; 00:00:46     ; 1.0                     ; 682 MB              ; 00:00:13                           ;
; Partition Merge           ; 00:00:13     ; 1.0                     ; 746 MB              ; 00:00:05                           ;
; Fitter                    ; 00:00:31     ; 1.9                     ; 2204 MB             ; 00:00:38                           ;
; Assembler                 ; 00:00:14     ; 1.0                     ; 666 MB              ; 00:00:10                           ;
; TimeQuest Timing Analyzer ; 00:00:27     ; 1.0                     ; 986 MB              ; 00:00:15                           ;
; EDA Netlist Writer        ; 00:00:07     ; 1.0                     ; 558 MB              ; 00:00:03                           ;
; Partition Merge           ; 00:00:15     ; 1.0                     ; 741 MB              ; 00:00:06                           ;
; Fitter                    ; 00:00:30     ; 1.7                     ; 2185 MB             ; 00:00:36                           ;
; Assembler                 ; 00:00:14     ; 1.0                     ; 662 MB              ; 00:00:10                           ;
; TimeQuest Timing Analyzer ; 00:00:28     ; 1.3                     ; 991 MB              ; 00:00:15                           ;
; EDA Netlist Writer        ; 00:00:08     ; 1.0                     ; 560 MB              ; 00:00:03                           ;
; Analysis & Synthesis      ; 00:00:53     ; 1.0                     ; 730 MB              ; 00:00:15                           ;
; Partition Merge           ; 00:00:07     ; 1.0                     ; 598 MB              ; 00:00:02                           ;
; Fitter                    ; 00:00:39     ; 1.7                     ; 2193 MB             ; 00:00:48                           ;
; Assembler                 ; 00:00:14     ; 1.0                     ; 660 MB              ; 00:00:10                           ;
; TimeQuest Timing Analyzer ; 00:00:25     ; 1.0                     ; 957 MB              ; 00:00:12                           ;
; EDA Netlist Writer        ; 00:00:08     ; 1.0                     ; 561 MB              ; 00:00:03                           ;
; Analysis & Synthesis      ; 00:00:51     ; 1.0                     ; 682 MB              ; 00:00:15                           ;
; Partition Merge           ; 00:00:19     ; 1.0                     ; 750 MB              ; 00:00:06                           ;
; Fitter                    ; 00:00:36     ; 1.6                     ; 2214 MB             ; 00:00:41                           ;
; Assembler                 ; 00:00:15     ; 1.0                     ; 664 MB              ; 00:00:10                           ;
; TimeQuest Timing Analyzer ; 00:00:32     ; 1.1                     ; 1015 MB             ; 00:00:17                           ;
; EDA Netlist Writer        ; 00:00:07     ; 1.0                     ; 558 MB              ; 00:00:03                           ;
; Analysis & Synthesis      ; 00:00:52     ; 1.0                     ; 682 MB              ; 00:00:15                           ;
; Partition Merge           ; 00:00:14     ; 1.0                     ; 746 MB              ; 00:00:05                           ;
; Fitter                    ; 00:00:33     ; 1.8                     ; 2208 MB             ; 00:00:39                           ;
; Assembler                 ; 00:00:17     ; 1.0                     ; 661 MB              ; 00:00:10                           ;
; TimeQuest Timing Analyzer ; 00:00:34     ; 1.2                     ; 985 MB              ; 00:00:16                           ;
; EDA Netlist Writer        ; 00:00:12     ; 1.0                     ; 558 MB              ; 00:00:04                           ;
; Analysis & Synthesis      ; 00:00:49     ; 1.0                     ; 693 MB              ; 00:00:15                           ;
; Partition Merge           ; 00:00:16     ; 1.0                     ; 739 MB              ; 00:00:06                           ;
; Fitter                    ; 00:00:31     ; 1.6                     ; 2210 MB             ; 00:00:37                           ;
; Assembler                 ; 00:00:16     ; 1.0                     ; 657 MB              ; 00:00:10                           ;
; TimeQuest Timing Analyzer ; 00:00:29     ; 1.3                     ; 991 MB              ; 00:00:16                           ;
; EDA Netlist Writer        ; 00:00:08     ; 1.0                     ; 556 MB              ; 00:00:03                           ;
; Analysis & Synthesis      ; 00:00:37     ; 1.0                     ; 631 MB              ; 00:00:10                           ;
; Partition Merge           ; 00:00:06     ; 1.0                     ; 598 MB              ; 00:00:02                           ;
; Fitter                    ; 00:00:32     ; 1.7                     ; 2100 MB             ; 00:00:37                           ;
; Assembler                 ; 00:00:14     ; 1.0                     ; 666 MB              ; 00:00:10                           ;
; TimeQuest Timing Analyzer ; 00:00:22     ; 1.0                     ; 928 MB              ; 00:00:08                           ;
; EDA Netlist Writer        ; 00:00:05     ; 1.0                     ; 539 MB              ; 00:00:02                           ;
; Analysis & Synthesis      ; 00:00:51     ; 1.0                     ; 692 MB              ; 00:00:15                           ;
; Partition Merge           ; 00:00:16     ; 1.0                     ; 738 MB              ; 00:00:06                           ;
; Fitter                    ; 00:00:34     ; 1.7                     ; 2188 MB             ; 00:00:40                           ;
; Assembler                 ; 00:00:15     ; 1.0                     ; 657 MB              ; 00:00:10                           ;
; TimeQuest Timing Analyzer ; 00:00:31     ; 1.1                     ; 1006 MB             ; 00:00:16                           ;
; EDA Netlist Writer        ; 00:00:09     ; 1.0                     ; 558 MB              ; 00:00:03                           ;
; Analysis & Synthesis      ; 00:00:10     ; 1.0                     ; 565 MB              ; 00:00:03                           ;
; Analysis & Synthesis      ; 00:00:09     ; 1.0                     ; 576 MB              ; 00:00:02                           ;
; Analysis & Synthesis      ; 00:00:41     ; 1.0                     ; 610 MB              ; 00:00:10                           ;
; Analysis & Synthesis      ; 00:00:39     ; 1.0                     ; 576 MB              ; 00:00:10                           ;
; Analysis & Synthesis      ; 00:00:12     ; 1.0                     ; 576 MB              ; 00:00:03                           ;
; Analysis & Synthesis      ; 00:00:11     ; 1.0                     ; 576 MB              ; 00:00:03                           ;
; Analysis & Synthesis      ; 00:00:10     ; 1.0                     ; 576 MB              ; 00:00:03                           ;
; Analysis & Synthesis      ; 00:00:32     ; 1.0                     ; 576 MB              ; 00:00:08                           ;
; Analysis & Synthesis      ; 00:00:07     ; 1.0                     ; 576 MB              ; 00:00:02                           ;
; Analysis & Synthesis      ; 00:00:06     ; 1.0                     ; 576 MB              ; 00:00:02                           ;
; Analysis & Synthesis      ; 00:00:06     ; 1.0                     ; 576 MB              ; 00:00:02                           ;
; Analysis & Synthesis      ; 00:00:07     ; 1.0                     ; 576 MB              ; 00:00:02                           ;
; Analysis & Synthesis      ; 00:00:06     ; 1.0                     ; 576 MB              ; 00:00:02                           ;
; Analysis & Synthesis      ; 00:00:06     ; 1.0                     ; 576 MB              ; 00:00:02                           ;
; Analysis & Synthesis      ; 00:00:07     ; 1.0                     ; 576 MB              ; 00:00:03                           ;
; Analysis & Synthesis      ; 00:00:06     ; 1.0                     ; 576 MB              ; 00:00:02                           ;
; Analysis & Synthesis      ; 00:00:06     ; 1.0                     ; 576 MB              ; 00:00:02                           ;
; Analysis & Synthesis      ; 00:00:14     ; 1.0                     ; 605 MB              ; 00:00:03                           ;
; Analysis & Synthesis      ; 00:00:08     ; 1.0                     ; 576 MB              ; 00:00:03                           ;
; Analysis & Synthesis      ; 00:00:07     ; 1.0                     ; 576 MB              ; 00:00:02                           ;
; Analysis & Synthesis      ; 00:00:14     ; 1.0                     ; 576 MB              ; 00:00:03                           ;
; Analysis & Synthesis      ; 00:00:07     ; 1.0                     ; 576 MB              ; 00:00:02                           ;
; Analysis & Synthesis      ; 00:00:08     ; 1.0                     ; 576 MB              ; 00:00:02                           ;
; Analysis & Synthesis      ; 00:00:07     ; 1.0                     ; 576 MB              ; 00:00:02                           ;
; Analysis & Synthesis      ; 00:00:09     ; 1.0                     ; 576 MB              ; 00:00:03                           ;
; Analysis & Synthesis      ; 00:00:09     ; 1.0                     ; 576 MB              ; 00:00:02                           ;
; Total                     ; 00:54:21     ; --                      ; --                  ; 00:32:09                           ;
+---------------------------+--------------+-------------------------+---------------------+------------------------------------+


+----------------------------------------------------------------------------------------+
; Flow OS Summary                                                                        ;
+---------------------------+------------------+-----------+------------+----------------+
; Module Name               ; Machine Hostname ; OS Name   ; OS Version ; Processor type ;
+---------------------------+------------------+-----------+------------+----------------+
; Analysis & Synthesis      ; EE-365PC02       ; Windows 7 ; 6.2        ; x86_64         ;
; Fitter                    ; EE-365PC02       ; Windows 7 ; 6.2        ; x86_64         ;
; Assembler                 ; EE-365PC02       ; Windows 7 ; 6.2        ; x86_64         ;
; TimeQuest Timing Analyzer ; EE-365PC02       ; Windows 7 ; 6.2        ; x86_64         ;
; EDA Netlist Writer        ; EE-365PC02       ; Windows 7 ; 6.2        ; x86_64         ;
; Analysis & Synthesis      ; EE-365PC02       ; Windows 7 ; 6.2        ; x86_64         ;
; Partition Merge           ; EE-365PC02       ; Windows 7 ; 6.2        ; x86_64         ;
; Fitter                    ; EE-365PC02       ; Windows 7 ; 6.2        ; x86_64         ;
; Assembler                 ; EE-365PC02       ; Windows 7 ; 6.2        ; x86_64         ;
; TimeQuest Timing Analyzer ; EE-365PC02       ; Windows 7 ; 6.2        ; x86_64         ;
; EDA Netlist Writer        ; EE-365PC02       ; Windows 7 ; 6.2        ; x86_64         ;
; Analysis & Synthesis      ; EE-365PC02       ; Windows 7 ; 6.2        ; x86_64         ;
; Partition Merge           ; EE-365PC02       ; Windows 7 ; 6.2        ; x86_64         ;
; Fitter                    ; EE-365PC02       ; Windows 7 ; 6.2        ; x86_64         ;
; Assembler                 ; EE-365PC02       ; Windows 7 ; 6.2        ; x86_64         ;
; TimeQuest Timing Analyzer ; EE-365PC02       ; Windows 7 ; 6.2        ; x86_64         ;
; EDA Netlist Writer        ; EE-365PC02       ; Windows 7 ; 6.2        ; x86_64         ;
; Analysis & Synthesis      ; EE-365PC02       ; Windows 7 ; 6.2        ; x86_64         ;
; Partition Merge           ; EE-365PC02       ; Windows 7 ; 6.2        ; x86_64         ;
; Fitter                    ; EE-365PC02       ; Windows 7 ; 6.2        ; x86_64         ;
; Assembler                 ; EE-365PC02       ; Windows 7 ; 6.2        ; x86_64         ;
; TimeQuest Timing Analyzer ; EE-365PC02       ; Windows 7 ; 6.2        ; x86_64         ;
; EDA Netlist Writer        ; EE-365PC02       ; Windows 7 ; 6.2        ; x86_64         ;
; Analysis & Synthesis      ; EE-365PC02       ; Windows 7 ; 6.2        ; x86_64         ;
; Partition Merge           ; EE-365PC02       ; Windows 7 ; 6.2        ; x86_64         ;
; Fitter                    ; EE-365PC02       ; Windows 7 ; 6.2        ; x86_64         ;
; Assembler                 ; EE-365PC02       ; Windows 7 ; 6.2        ; x86_64         ;
; TimeQuest Timing Analyzer ; EE-365PC02       ; Windows 7 ; 6.2        ; x86_64         ;
; EDA Netlist Writer        ; EE-365PC02       ; Windows 7 ; 6.2        ; x86_64         ;
; Analysis & Synthesis      ; EE-365PC02       ; Windows 7 ; 6.2        ; x86_64         ;
; Partition Merge           ; EE-365PC02       ; Windows 7 ; 6.2        ; x86_64         ;
; Fitter                    ; EE-365PC02       ; Windows 7 ; 6.2        ; x86_64         ;
; Assembler                 ; EE-365PC02       ; Windows 7 ; 6.2        ; x86_64         ;
; TimeQuest Timing Analyzer ; EE-365PC02       ; Windows 7 ; 6.2        ; x86_64         ;
; EDA Netlist Writer        ; EE-365PC02       ; Windows 7 ; 6.2        ; x86_64         ;
; Analysis & Synthesis      ; EE-365PC02       ; Windows 7 ; 6.2        ; x86_64         ;
; Partition Merge           ; EE-365PC02       ; Windows 7 ; 6.2        ; x86_64         ;
; Fitter                    ; EE-365PC02       ; Windows 7 ; 6.2        ; x86_64         ;
; Assembler                 ; EE-365PC02       ; Windows 7 ; 6.2        ; x86_64         ;
; TimeQuest Timing Analyzer ; EE-365PC02       ; Windows 7 ; 6.2        ; x86_64         ;
; EDA Netlist Writer        ; EE-365PC02       ; Windows 7 ; 6.2        ; x86_64         ;
; Analysis & Synthesis      ; EE-365PC02       ; Windows 7 ; 6.2        ; x86_64         ;
; Partition Merge           ; EE-365PC02       ; Windows 7 ; 6.2        ; x86_64         ;
; Fitter                    ; EE-365PC02       ; Windows 7 ; 6.2        ; x86_64         ;
; Assembler                 ; EE-365PC02       ; Windows 7 ; 6.2        ; x86_64         ;
; TimeQuest Timing Analyzer ; EE-365PC02       ; Windows 7 ; 6.2        ; x86_64         ;
; EDA Netlist Writer        ; EE-365PC02       ; Windows 7 ; 6.2        ; x86_64         ;
; Analysis & Synthesis      ; EE-365PC02       ; Windows 7 ; 6.2        ; x86_64         ;
; Partition Merge           ; EE-365PC02       ; Windows 7 ; 6.2        ; x86_64         ;
; Fitter                    ; EE-365PC02       ; Windows 7 ; 6.2        ; x86_64         ;
; Assembler                 ; EE-365PC02       ; Windows 7 ; 6.2        ; x86_64         ;
; TimeQuest Timing Analyzer ; EE-365PC02       ; Windows 7 ; 6.2        ; x86_64         ;
; EDA Netlist Writer        ; EE-365PC02       ; Windows 7 ; 6.2        ; x86_64         ;
; Analysis & Synthesis      ; EE-365PC02       ; Windows 7 ; 6.2        ; x86_64         ;
; Partition Merge           ; EE-365PC02       ; Windows 7 ; 6.2        ; x86_64         ;
; Fitter                    ; EE-365PC02       ; Windows 7 ; 6.2        ; x86_64         ;
; Assembler                 ; EE-365PC02       ; Windows 7 ; 6.2        ; x86_64         ;
; TimeQuest Timing Analyzer ; EE-365PC02       ; Windows 7 ; 6.2        ; x86_64         ;
; EDA Netlist Writer        ; EE-365PC02       ; Windows 7 ; 6.2        ; x86_64         ;
; Analysis & Synthesis      ; EE-365PC02       ; Windows 7 ; 6.2        ; x86_64         ;
; Partition Merge           ; EE-365PC02       ; Windows 7 ; 6.2        ; x86_64         ;
; Fitter                    ; EE-365PC02       ; Windows 7 ; 6.2        ; x86_64         ;
; Assembler                 ; EE-365PC02       ; Windows 7 ; 6.2        ; x86_64         ;
; TimeQuest Timing Analyzer ; EE-365PC02       ; Windows 7 ; 6.2        ; x86_64         ;
; EDA Netlist Writer        ; EE-365PC02       ; Windows 7 ; 6.2        ; x86_64         ;
; Analysis & Synthesis      ; EE-365PC02       ; Windows 7 ; 6.2        ; x86_64         ;
; Partition Merge           ; EE-365PC02       ; Windows 7 ; 6.2        ; x86_64         ;
; Fitter                    ; EE-365PC02       ; Windows 7 ; 6.2        ; x86_64         ;
; Assembler                 ; EE-365PC02       ; Windows 7 ; 6.2        ; x86_64         ;
; TimeQuest Timing Analyzer ; EE-365PC02       ; Windows 7 ; 6.2        ; x86_64         ;
; EDA Netlist Writer        ; EE-365PC02       ; Windows 7 ; 6.2        ; x86_64         ;
; Partition Merge           ; EE-365PC02       ; Windows 7 ; 6.2        ; x86_64         ;
; Fitter                    ; EE-365PC02       ; Windows 7 ; 6.2        ; x86_64         ;
; Assembler                 ; EE-365PC02       ; Windows 7 ; 6.2        ; x86_64         ;
; TimeQuest Timing Analyzer ; EE-365PC02       ; Windows 7 ; 6.2        ; x86_64         ;
; EDA Netlist Writer        ; EE-365PC02       ; Windows 7 ; 6.2        ; x86_64         ;
; Analysis & Synthesis      ; EE-365PC02       ; Windows 7 ; 6.2        ; x86_64         ;
; Partition Merge           ; EE-365PC02       ; Windows 7 ; 6.2        ; x86_64         ;
; Fitter                    ; EE-365PC02       ; Windows 7 ; 6.2        ; x86_64         ;
; Assembler                 ; EE-365PC02       ; Windows 7 ; 6.2        ; x86_64         ;
; TimeQuest Timing Analyzer ; EE-365PC02       ; Windows 7 ; 6.2        ; x86_64         ;
; EDA Netlist Writer        ; EE-365PC02       ; Windows 7 ; 6.2        ; x86_64         ;
; Analysis & Synthesis      ; EE-365PC02       ; Windows 7 ; 6.2        ; x86_64         ;
; Partition Merge           ; EE-365PC02       ; Windows 7 ; 6.2        ; x86_64         ;
; Fitter                    ; EE-365PC02       ; Windows 7 ; 6.2        ; x86_64         ;
; Assembler                 ; EE-365PC02       ; Windows 7 ; 6.2        ; x86_64         ;
; TimeQuest Timing Analyzer ; EE-365PC02       ; Windows 7 ; 6.2        ; x86_64         ;
; EDA Netlist Writer        ; EE-365PC02       ; Windows 7 ; 6.2        ; x86_64         ;
; Partition Merge           ; EE-365PC02       ; Windows 7 ; 6.2        ; x86_64         ;
; Fitter                    ; EE-365PC02       ; Windows 7 ; 6.2        ; x86_64         ;
; Assembler                 ; EE-365PC02       ; Windows 7 ; 6.2        ; x86_64         ;
; TimeQuest Timing Analyzer ; EE-365PC02       ; Windows 7 ; 6.2        ; x86_64         ;
; EDA Netlist Writer        ; EE-365PC02       ; Windows 7 ; 6.2        ; x86_64         ;
; Analysis & Synthesis      ; EE-365PC02       ; Windows 7 ; 6.2        ; x86_64         ;
; Partition Merge           ; EE-365PC02       ; Windows 7 ; 6.2        ; x86_64         ;
; Fitter                    ; EE-365PC02       ; Windows 7 ; 6.2        ; x86_64         ;
; Assembler                 ; EE-365PC02       ; Windows 7 ; 6.2        ; x86_64         ;
; TimeQuest Timing Analyzer ; EE-365PC02       ; Windows 7 ; 6.2        ; x86_64         ;
; EDA Netlist Writer        ; EE-365PC02       ; Windows 7 ; 6.2        ; x86_64         ;
; Analysis & Synthesis      ; EE-365PC02       ; Windows 7 ; 6.2        ; x86_64         ;
; Partition Merge           ; EE-365PC02       ; Windows 7 ; 6.2        ; x86_64         ;
; Fitter                    ; EE-365PC02       ; Windows 7 ; 6.2        ; x86_64         ;
; Assembler                 ; EE-365PC02       ; Windows 7 ; 6.2        ; x86_64         ;
; TimeQuest Timing Analyzer ; EE-365PC02       ; Windows 7 ; 6.2        ; x86_64         ;
; EDA Netlist Writer        ; EE-365PC02       ; Windows 7 ; 6.2        ; x86_64         ;
; Analysis & Synthesis      ; EE-365PC02       ; Windows 7 ; 6.2        ; x86_64         ;
; Partition Merge           ; EE-365PC02       ; Windows 7 ; 6.2        ; x86_64         ;
; Fitter                    ; EE-365PC02       ; Windows 7 ; 6.2        ; x86_64         ;
; Assembler                 ; EE-365PC02       ; Windows 7 ; 6.2        ; x86_64         ;
; TimeQuest Timing Analyzer ; EE-365PC02       ; Windows 7 ; 6.2        ; x86_64         ;
; EDA Netlist Writer        ; EE-365PC02       ; Windows 7 ; 6.2        ; x86_64         ;
; Analysis & Synthesis      ; EE-365PC02       ; Windows 7 ; 6.2        ; x86_64         ;
; Partition Merge           ; EE-365PC02       ; Windows 7 ; 6.2        ; x86_64         ;
; Fitter                    ; EE-365PC02       ; Windows 7 ; 6.2        ; x86_64         ;
; Assembler                 ; EE-365PC02       ; Windows 7 ; 6.2        ; x86_64         ;
; TimeQuest Timing Analyzer ; EE-365PC02       ; Windows 7 ; 6.2        ; x86_64         ;
; EDA Netlist Writer        ; EE-365PC02       ; Windows 7 ; 6.2        ; x86_64         ;
; Analysis & Synthesis      ; EE-365PC02       ; Windows 7 ; 6.2        ; x86_64         ;
; Partition Merge           ; EE-365PC02       ; Windows 7 ; 6.2        ; x86_64         ;
; Fitter                    ; EE-365PC02       ; Windows 7 ; 6.2        ; x86_64         ;
; Assembler                 ; EE-365PC02       ; Windows 7 ; 6.2        ; x86_64         ;
; TimeQuest Timing Analyzer ; EE-365PC02       ; Windows 7 ; 6.2        ; x86_64         ;
; EDA Netlist Writer        ; EE-365PC02       ; Windows 7 ; 6.2        ; x86_64         ;
; Analysis & Synthesis      ; EE-365PC02       ; Windows 7 ; 6.2        ; x86_64         ;
; Partition Merge           ; EE-365PC02       ; Windows 7 ; 6.2        ; x86_64         ;
; Fitter                    ; EE-365PC02       ; Windows 7 ; 6.2        ; x86_64         ;
; Assembler                 ; EE-365PC02       ; Windows 7 ; 6.2        ; x86_64         ;
; TimeQuest Timing Analyzer ; EE-365PC02       ; Windows 7 ; 6.2        ; x86_64         ;
; EDA Netlist Writer        ; EE-365PC02       ; Windows 7 ; 6.2        ; x86_64         ;
; Analysis & Synthesis      ; EE-365PC02       ; Windows 7 ; 6.2        ; x86_64         ;
; Analysis & Synthesis      ; EE-365PC02       ; Windows 7 ; 6.2        ; x86_64         ;
; Analysis & Synthesis      ; EE-365PC02       ; Windows 7 ; 6.2        ; x86_64         ;
; Analysis & Synthesis      ; EE-365PC02       ; Windows 7 ; 6.2        ; x86_64         ;
; Analysis & Synthesis      ; EE-365PC02       ; Windows 7 ; 6.2        ; x86_64         ;
; Analysis & Synthesis      ; EE-365PC02       ; Windows 7 ; 6.2        ; x86_64         ;
; Analysis & Synthesis      ; EE-365PC02       ; Windows 7 ; 6.2        ; x86_64         ;
; Analysis & Synthesis      ; EE-365PC02       ; Windows 7 ; 6.2        ; x86_64         ;
; Analysis & Synthesis      ; EE-365PC02       ; Windows 7 ; 6.2        ; x86_64         ;
; Analysis & Synthesis      ; EE-365PC02       ; Windows 7 ; 6.2        ; x86_64         ;
; Analysis & Synthesis      ; EE-365PC02       ; Windows 7 ; 6.2        ; x86_64         ;
; Analysis & Synthesis      ; EE-365PC02       ; Windows 7 ; 6.2        ; x86_64         ;
; Analysis & Synthesis      ; EE-365PC02       ; Windows 7 ; 6.2        ; x86_64         ;
; Analysis & Synthesis      ; EE-365PC02       ; Windows 7 ; 6.2        ; x86_64         ;
; Analysis & Synthesis      ; EE-365PC02       ; Windows 7 ; 6.2        ; x86_64         ;
; Analysis & Synthesis      ; EE-365PC02       ; Windows 7 ; 6.2        ; x86_64         ;
; Analysis & Synthesis      ; EE-365PC02       ; Windows 7 ; 6.2        ; x86_64         ;
; Analysis & Synthesis      ; EE-365PC02       ; Windows 7 ; 6.2        ; x86_64         ;
; Analysis & Synthesis      ; EE-365PC02       ; Windows 7 ; 6.2        ; x86_64         ;
; Analysis & Synthesis      ; EE-365PC08       ; Windows 7 ; 6.2        ; x86_64         ;
; Analysis & Synthesis      ; EE-365PC08       ; Windows 7 ; 6.2        ; x86_64         ;
; Analysis & Synthesis      ; EE-365PC08       ; Windows 7 ; 6.2        ; x86_64         ;
; Analysis & Synthesis      ; EE-365PC08       ; Windows 7 ; 6.2        ; x86_64         ;
; Analysis & Synthesis      ; EE-365PC08       ; Windows 7 ; 6.2        ; x86_64         ;
; Analysis & Synthesis      ; EE-365PC08       ; Windows 7 ; 6.2        ; x86_64         ;
; Analysis & Synthesis      ; EE-365PC08       ; Windows 7 ; 6.2        ; x86_64         ;
+---------------------------+------------------+-----------+------------+----------------+


------------
; Flow Log ;
------------
quartus_map --read_settings_files=on --write_settings_files=off DE1_SoC -c DE1_SoC
quartus_fit --read_settings_files=off --write_settings_files=off DE1_SoC -c DE1_SoC
quartus_asm --read_settings_files=off --write_settings_files=off DE1_SoC -c DE1_SoC
quartus_sta DE1_SoC -c DE1_SoC
quartus_eda --read_settings_files=off --write_settings_files=off DE1_SoC -c DE1_SoC
quartus_map --read_settings_files=on --write_settings_files=off DE1_SoC -c DE1_SoC --recompile=on
quartus_cdb --read_settings_files=on --write_settings_files=off DE1_SoC -c DE1_SoC --merge=on --recompile=on
quartus_fit --read_settings_files=off --write_settings_files=off DE1_SoC -c DE1_SoC --recompile=on
quartus_asm --read_settings_files=off --write_settings_files=off DE1_SoC -c DE1_SoC
quartus_sta DE1_SoC -c DE1_SoC
quartus_eda --read_settings_files=off --write_settings_files=off DE1_SoC -c DE1_SoC
quartus_map --read_settings_files=on --write_settings_files=off DE1_SoC -c DE1_SoC --recompile=on
quartus_cdb --read_settings_files=on --write_settings_files=off DE1_SoC -c DE1_SoC --merge=on --recompile=on
quartus_fit --read_settings_files=off --write_settings_files=off DE1_SoC -c DE1_SoC --recompile=on
quartus_asm --read_settings_files=off --write_settings_files=off DE1_SoC -c DE1_SoC
quartus_sta DE1_SoC -c DE1_SoC
quartus_eda --read_settings_files=off --write_settings_files=off DE1_SoC -c DE1_SoC
quartus_map --read_settings_files=on --write_settings_files=off DE1_SoC -c DE1_SoC
quartus_cdb --read_settings_files=off --write_settings_files=off DE1_SoC -c DE1_SoC --merge=on
quartus_fit --read_settings_files=off --write_settings_files=off DE1_SoC -c DE1_SoC
quartus_asm --read_settings_files=off --write_settings_files=off DE1_SoC -c DE1_SoC
quartus_sta DE1_SoC -c DE1_SoC
quartus_eda --read_settings_files=off --write_settings_files=off DE1_SoC -c DE1_SoC
quartus_map --read_settings_files=on --write_settings_files=off DE1_SoC -c DE1_SoC --recompile=on
quartus_cdb --read_settings_files=on --write_settings_files=off DE1_SoC -c DE1_SoC --merge=on --recompile=on
quartus_fit --read_settings_files=off --write_settings_files=off DE1_SoC -c DE1_SoC --recompile=on
quartus_asm --read_settings_files=off --write_settings_files=off DE1_SoC -c DE1_SoC
quartus_sta DE1_SoC -c DE1_SoC
quartus_eda --read_settings_files=off --write_settings_files=off DE1_SoC -c DE1_SoC
quartus_map --read_settings_files=on --write_settings_files=off DE1_SoC -c DE1_SoC --recompile=on
quartus_cdb --read_settings_files=on --write_settings_files=off DE1_SoC -c DE1_SoC --merge=on --recompile=on
quartus_fit --read_settings_files=off --write_settings_files=off DE1_SoC -c DE1_SoC --recompile=on
quartus_asm --read_settings_files=off --write_settings_files=off DE1_SoC -c DE1_SoC
quartus_sta DE1_SoC -c DE1_SoC
quartus_eda --read_settings_files=off --write_settings_files=off DE1_SoC -c DE1_SoC
quartus_map --read_settings_files=on --write_settings_files=off DE1_SoC -c DE1_SoC
quartus_cdb --read_settings_files=off --write_settings_files=off DE1_SoC -c DE1_SoC --merge=on
quartus_fit --read_settings_files=off --write_settings_files=off DE1_SoC -c DE1_SoC
quartus_asm --read_settings_files=off --write_settings_files=off DE1_SoC -c DE1_SoC
quartus_sta DE1_SoC -c DE1_SoC
quartus_eda --read_settings_files=off --write_settings_files=off DE1_SoC -c DE1_SoC
quartus_map --read_settings_files=on --write_settings_files=off DE1_SoC -c DE1_SoC --recompile=on
quartus_cdb --read_settings_files=on --write_settings_files=off DE1_SoC -c DE1_SoC --merge=on --recompile=on
quartus_fit --read_settings_files=off --write_settings_files=off DE1_SoC -c DE1_SoC --recompile=on
quartus_asm --read_settings_files=off --write_settings_files=off DE1_SoC -c DE1_SoC
quartus_sta DE1_SoC -c DE1_SoC
quartus_eda --read_settings_files=off --write_settings_files=off DE1_SoC -c DE1_SoC
quartus_map --read_settings_files=on --write_settings_files=off DE1_SoC -c DE1_SoC --recompile=on
quartus_cdb --read_settings_files=on --write_settings_files=off DE1_SoC -c DE1_SoC --merge=on --recompile=on
quartus_fit --read_settings_files=off --write_settings_files=off DE1_SoC -c DE1_SoC --recompile=on
quartus_asm --read_settings_files=off --write_settings_files=off DE1_SoC -c DE1_SoC
quartus_sta DE1_SoC -c DE1_SoC
quartus_eda --read_settings_files=off --write_settings_files=off DE1_SoC -c DE1_SoC
quartus_map --read_settings_files=on --write_settings_files=off DE1_SoC -c DE1_SoC
quartus_cdb --read_settings_files=off --write_settings_files=off DE1_SoC -c DE1_SoC --merge=on
quartus_fit --read_settings_files=off --write_settings_files=off DE1_SoC -c DE1_SoC
quartus_asm --read_settings_files=off --write_settings_files=off DE1_SoC -c DE1_SoC
quartus_sta DE1_SoC -c DE1_SoC
quartus_eda --read_settings_files=off --write_settings_files=off DE1_SoC -c DE1_SoC
quartus_map --read_settings_files=on --write_settings_files=off DE1_SoC -c DE1_SoC --recompile=on
quartus_cdb --read_settings_files=on --write_settings_files=off DE1_SoC -c DE1_SoC --merge=on --recompile=on
quartus_fit --read_settings_files=off --write_settings_files=off DE1_SoC -c DE1_SoC --recompile=on
quartus_asm --read_settings_files=off --write_settings_files=off DE1_SoC -c DE1_SoC
quartus_sta DE1_SoC -c DE1_SoC
quartus_eda --read_settings_files=off --write_settings_files=off DE1_SoC -c DE1_SoC
quartus_map --read_settings_files=on --write_settings_files=off DE1_SoC -c DE1_SoC --recompile=on
quartus_cdb --read_settings_files=on --write_settings_files=off DE1_SoC -c DE1_SoC --merge=on --recompile=on
quartus_fit --read_settings_files=off --write_settings_files=off DE1_SoC -c DE1_SoC --recompile=on
quartus_asm --read_settings_files=off --write_settings_files=off DE1_SoC -c DE1_SoC
quartus_sta DE1_SoC -c DE1_SoC
quartus_eda --read_settings_files=off --write_settings_files=off DE1_SoC -c DE1_SoC
quartus_cdb --read_settings_files=on --write_settings_files=off DE1_SoC -c DE1_SoC --merge=on --recompile=on
quartus_fit --read_settings_files=off --write_settings_files=off DE1_SoC -c DE1_SoC --recompile=on
quartus_asm --read_settings_files=off --write_settings_files=off DE1_SoC -c DE1_SoC
quartus_sta DE1_SoC -c DE1_SoC
quartus_eda --read_settings_files=off --write_settings_files=off DE1_SoC -c DE1_SoC
quartus_map --read_settings_files=on --write_settings_files=off DE1_SoC -c DE1_SoC --recompile=on
quartus_cdb --read_settings_files=on --write_settings_files=off DE1_SoC -c DE1_SoC --merge=on --recompile=on
quartus_fit --read_settings_files=off --write_settings_files=off DE1_SoC -c DE1_SoC --recompile=on
quartus_asm --read_settings_files=off --write_settings_files=off DE1_SoC -c DE1_SoC
quartus_sta DE1_SoC -c DE1_SoC
quartus_eda --read_settings_files=off --write_settings_files=off DE1_SoC -c DE1_SoC
quartus_map --read_settings_files=on --write_settings_files=off DE1_SoC -c DE1_SoC --recompile=on
quartus_cdb --read_settings_files=on --write_settings_files=off DE1_SoC -c DE1_SoC --merge=on --recompile=on
quartus_fit --read_settings_files=off --write_settings_files=off DE1_SoC -c DE1_SoC --recompile=on
quartus_asm --read_settings_files=off --write_settings_files=off DE1_SoC -c DE1_SoC
quartus_sta DE1_SoC -c DE1_SoC
quartus_eda --read_settings_files=off --write_settings_files=off DE1_SoC -c DE1_SoC
quartus_cdb --read_settings_files=on --write_settings_files=off DE1_SoC -c DE1_SoC --merge=on --recompile=on
quartus_fit --read_settings_files=off --write_settings_files=off DE1_SoC -c DE1_SoC --recompile=on
quartus_asm --read_settings_files=off --write_settings_files=off DE1_SoC -c DE1_SoC
quartus_sta DE1_SoC -c DE1_SoC
quartus_eda --read_settings_files=off --write_settings_files=off DE1_SoC -c DE1_SoC
quartus_map --read_settings_files=on --write_settings_files=off DE1_SoC -c DE1_SoC
quartus_cdb --read_settings_files=off --write_settings_files=off DE1_SoC -c DE1_SoC --merge=on
quartus_fit --read_settings_files=off --write_settings_files=off DE1_SoC -c DE1_SoC
quartus_asm --read_settings_files=off --write_settings_files=off DE1_SoC -c DE1_SoC
quartus_sta DE1_SoC -c DE1_SoC
quartus_eda --read_settings_files=off --write_settings_files=off DE1_SoC -c DE1_SoC
quartus_map --read_settings_files=on --write_settings_files=off DE1_SoC -c DE1_SoC --recompile=on
quartus_cdb --read_settings_files=on --write_settings_files=off DE1_SoC -c DE1_SoC --merge=on --recompile=on
quartus_fit --read_settings_files=off --write_settings_files=off DE1_SoC -c DE1_SoC --recompile=on
quartus_asm --read_settings_files=off --write_settings_files=off DE1_SoC -c DE1_SoC
quartus_sta DE1_SoC -c DE1_SoC
quartus_eda --read_settings_files=off --write_settings_files=off DE1_SoC -c DE1_SoC
quartus_map --read_settings_files=on --write_settings_files=off DE1_SoC -c DE1_SoC --recompile=on
quartus_cdb --read_settings_files=on --write_settings_files=off DE1_SoC -c DE1_SoC --merge=on --recompile=on
quartus_fit --read_settings_files=off --write_settings_files=off DE1_SoC -c DE1_SoC --recompile=on
quartus_asm --read_settings_files=off --write_settings_files=off DE1_SoC -c DE1_SoC
quartus_sta DE1_SoC -c DE1_SoC
quartus_eda --read_settings_files=off --write_settings_files=off DE1_SoC -c DE1_SoC
quartus_map --read_settings_files=on --write_settings_files=off DE1_SoC -c DE1_SoC --recompile=on
quartus_cdb --read_settings_files=on --write_settings_files=off DE1_SoC -c DE1_SoC --merge=on --recompile=on
quartus_fit --read_settings_files=off --write_settings_files=off DE1_SoC -c DE1_SoC --recompile=on
quartus_asm --read_settings_files=off --write_settings_files=off DE1_SoC -c DE1_SoC
quartus_sta DE1_SoC -c DE1_SoC
quartus_eda --read_settings_files=off --write_settings_files=off DE1_SoC -c DE1_SoC
quartus_map --read_settings_files=on --write_settings_files=off DE1_SoC -c DE1_SoC
quartus_cdb --read_settings_files=off --write_settings_files=off DE1_SoC -c DE1_SoC --merge=on
quartus_fit --read_settings_files=off --write_settings_files=off DE1_SoC -c DE1_SoC
quartus_asm --read_settings_files=off --write_settings_files=off DE1_SoC -c DE1_SoC
quartus_sta DE1_SoC -c DE1_SoC
quartus_eda --read_settings_files=off --write_settings_files=off DE1_SoC -c DE1_SoC
quartus_map --read_settings_files=on --write_settings_files=off DE1_SoC -c DE1_SoC --recompile=on
quartus_cdb --read_settings_files=on --write_settings_files=off DE1_SoC -c DE1_SoC --merge=on --recompile=on
quartus_fit --read_settings_files=off --write_settings_files=off DE1_SoC -c DE1_SoC --recompile=on
quartus_asm --read_settings_files=off --write_settings_files=off DE1_SoC -c DE1_SoC
quartus_sta DE1_SoC -c DE1_SoC
quartus_eda --read_settings_files=off --write_settings_files=off DE1_SoC -c DE1_SoC
quartus_map --read_settings_files=on --write_settings_files=off DE1_SoC -c DE1_SoC
quartus_map --read_settings_files=on --write_settings_files=off DE1_SoC -c DE1_SoC
quartus_map --read_settings_files=on --write_settings_files=off DE1_SoC -c DE1_SoC
quartus_map --read_settings_files=on --write_settings_files=off DE1_SoC -c DE1_SoC
quartus_map --read_settings_files=on --write_settings_files=off DE1_SoC -c DE1_SoC
quartus_map --read_settings_files=on --write_settings_files=off DE1_SoC -c DE1_SoC
quartus_map --read_settings_files=on --write_settings_files=off DE1_SoC -c DE1_SoC
quartus_map --read_settings_files=on --write_settings_files=off DE1_SoC -c DE1_SoC
quartus_map --read_settings_files=on --write_settings_files=off DE1_SoC -c DE1_SoC
quartus_map --read_settings_files=on --write_settings_files=off DE1_SoC -c DE1_SoC
quartus_map --read_settings_files=on --write_settings_files=off DE1_SoC -c DE1_SoC
quartus_map --read_settings_files=on --write_settings_files=off DE1_SoC -c DE1_SoC
quartus_map --read_settings_files=on --write_settings_files=off DE1_SoC -c DE1_SoC
quartus_map --read_settings_files=on --write_settings_files=off DE1_SoC -c DE1_SoC
quartus_map --read_settings_files=on --write_settings_files=off DE1_SoC -c DE1_SoC
quartus_map --read_settings_files=on --write_settings_files=off DE1_SoC -c DE1_SoC
quartus_map --read_settings_files=on --write_settings_files=off DE1_SoC -c DE1_SoC
quartus_map --read_settings_files=on --write_settings_files=off DE1_SoC -c DE1_SoC
quartus_map --read_settings_files=on --write_settings_files=off DE1_SoC -c DE1_SoC
quartus_map --read_settings_files=on --write_settings_files=off DE1_SoC -c DE1_SoC
quartus_map --read_settings_files=on --write_settings_files=off DE1_SoC -c DE1_SoC
quartus_map --read_settings_files=on --write_settings_files=off DE1_SoC -c DE1_SoC
quartus_map --read_settings_files=on --write_settings_files=off DE1_SoC -c DE1_SoC
quartus_map --read_settings_files=on --write_settings_files=off DE1_SoC -c DE1_SoC
quartus_map --read_settings_files=on --write_settings_files=off DE1_SoC -c DE1_SoC
quartus_map --read_settings_files=on --write_settings_files=off DE1_SoC -c DE1_SoC



